<?xml version="1.0" encoding="UTF-8"?>
<!-- Generated by org.testng.reporters.JUnitReportReporter -->
<testsuite hostname="DESKTOP-QTH2HED" failures="0" tests="17" name="testClasses.VerifyProductListPage" time="13.219" errors="1" timestamp="2025-10-10T20:56:45 IST" skipped="15">
  <testcase classname="testClasses.VerifyProductListPage" name="beforeMethod" time="12.995">
    <error message="element click intercepted: Element &lt;button class=&quot;_2iLD__&quot; type=&quot;submit&quot; aria-label=&quot;Search for Products, Brands and More&quot; title=&quot;Search for Products, Brands and More&quot;&gt;...&lt;/button&gt; is not clickable at point (246, 33). Other element would receive the click: &lt;div class=&quot;fbDBuK _3CYmv5&quot; tabindex=&quot;-1&quot;&gt;...&lt;/div&gt;
  (Session info: chrome=141.0.7390.66)
Build info: version: &#039;4.31.0&#039;, revision: &#039;1ef9f18787*&#039;
System info: os.name: &#039;Windows 10&#039;, os.arch: &#039;amd64&#039;, os.version: &#039;10.0&#039;, java.version: &#039;21.0.6&#039;
Driver info: org.openqa.selenium.chrome.ChromeDriver
Command: [564a49991433b7ce5b269225cf5bf6ee, clickElement {id=f.EFE628FF66CB64DDC41D86B19F0D54CF.d.C7AEE5F631F896ABC9D2F7F4C6E5B096.e.368}]
Capabilities {acceptInsecureCerts: false, browserName: chrome, browserVersion: 141.0.7390.66, chrome: {chromedriverVersion: 141.0.7390.76 (d6fcfbb51aac..., userDataDir: C:\Users\PRATIS~1\AppData\L...}, fedcm:accounts: true, goog:chromeOptions: {debuggerAddress: localhost:57754}, networkConnectionEnabled: false, pageLoadStrategy: normal, platformName: windows, proxy: Proxy(), se:cdp: ws://localhost:57754/devtoo..., se:cdpVersion: 141.0.7390.66, setWindowRect: true, strictFileInteractability: false, timeouts: {implicit: 0, pageLoad: 300000, script: 30000}, unhandledPromptBehavior: dismiss and notify, webauthn:extension:credBlob: true, webauthn:extension:largeBlob: true, webauthn:extension:minPinLength: true, webauthn:extension:prf: true, webauthn:virtualAuthenticators: true}
Element: [[ChromeDriver: chrome on windows (564a49991433b7ce5b269225cf5bf6ee)] -&gt; xpath: //button[@class=&#039;_2iLD__&#039;]]
Session ID: 564a49991433b7ce5b269225cf5bf6ee" type="org.openqa.selenium.ElementClickInterceptedException">
      <![CDATA[org.openqa.selenium.ElementClickInterceptedException: element click intercepted: Element <button class="_2iLD__" type="submit" aria-label="Search for Products, Brands and More" title="Search for Products, Brands and More">...</button> is not clickable at point (246, 33). Other element would receive the click: <div class="fbDBuK _3CYmv5" tabindex="-1">...</div>
  (Session info: chrome=141.0.7390.66)
Build info: version: '4.31.0', revision: '1ef9f18787*'
System info: os.name: 'Windows 10', os.arch: 'amd64', os.version: '10.0', java.version: '21.0.6'
Driver info: org.openqa.selenium.chrome.ChromeDriver
Command: [564a49991433b7ce5b269225cf5bf6ee, clickElement {id=f.EFE628FF66CB64DDC41D86B19F0D54CF.d.C7AEE5F631F896ABC9D2F7F4C6E5B096.e.368}]
Capabilities {acceptInsecureCerts: false, browserName: chrome, browserVersion: 141.0.7390.66, chrome: {chromedriverVersion: 141.0.7390.76 (d6fcfbb51aac..., userDataDir: C:\Users\PRATIS~1\AppData\L...}, fedcm:accounts: true, goog:chromeOptions: {debuggerAddress: localhost:57754}, networkConnectionEnabled: false, pageLoadStrategy: normal, platformName: windows, proxy: Proxy(), se:cdp: ws://localhost:57754/devtoo..., se:cdpVersion: 141.0.7390.66, setWindowRect: true, strictFileInteractability: false, timeouts: {implicit: 0, pageLoad: 300000, script: 30000}, unhandledPromptBehavior: dismiss and notify, webauthn:extension:credBlob: true, webauthn:extension:largeBlob: true, webauthn:extension:minPinLength: true, webauthn:extension:prf: true, webauthn:virtualAuthenticators: true}
Element: [[ChromeDriver: chrome on windows (564a49991433b7ce5b269225cf5bf6ee)] -> xpath: //button[@class='_2iLD__']]
Session ID: 564a49991433b7ce5b269225cf5bf6ee
at java.base/jdk.internal.reflect.DirectConstructorHandleAccessor.newInstance(DirectConstructorHandleAccessor.java:62)
at java.base/java.lang.reflect.Constructor.newInstanceWithCaller(Constructor.java:502)
at java.base/java.lang.reflect.Constructor.newInstance(Constructor.java:486)
at org.openqa.selenium.remote.ErrorCodec.decode(ErrorCodec.java:167)
at org.openqa.selenium.remote.codec.w3c.W3CHttpResponseCodec.decode(W3CHttpResponseCodec.java:138)
at org.openqa.selenium.remote.codec.w3c.W3CHttpResponseCodec.decode(W3CHttpResponseCodec.java:50)
at org.openqa.selenium.remote.HttpCommandExecutor.execute(HttpCommandExecutor.java:215)
at org.openqa.selenium.remote.service.DriverCommandExecutor.invokeExecute(DriverCommandExecutor.java:216)
at org.openqa.selenium.remote.service.DriverCommandExecutor.execute(DriverCommandExecutor.java:174)
at org.openqa.selenium.remote.RemoteWebDriver.execute(RemoteWebDriver.java:545)
at org.openqa.selenium.remote.RemoteWebElement.execute(RemoteWebElement.java:223)
at org.openqa.selenium.remote.RemoteWebElement.click(RemoteWebElement.java:76)
at java.base/jdk.internal.reflect.DirectMethodHandleAccessor.invoke(DirectMethodHandleAccessor.java:103)
at java.base/java.lang.reflect.Method.invoke(Method.java:580)
at org.openqa.selenium.support.pagefactory.internal.LocatingElementHandler.invoke(LocatingElementHandler.java:51)
at jdk.proxy2/jdk.proxy2.$Proxy14.click(Unknown Source)
at pomClasses.HomePage.clickOnSearchIcon(HomePage.java:144)
at testClasses.VerifyProductListPage.beforeMethod(VerifyProductListPage.java:51)
at java.base/jdk.internal.reflect.DirectMethodHandleAccessor.invoke(DirectMethodHandleAccessor.java:103)
at java.base/java.lang.reflect.Method.invoke(Method.java:580)
at org.testng.internal.invokers.MethodInvocationHelper.invokeMethod(MethodInvocationHelper.java:141)
at org.testng.internal.invokers.MethodInvocationHelper.invokeMethodConsideringTimeout(MethodInvocationHelper.java:71)
at org.testng.internal.invokers.ConfigInvoker.invokeConfigurationMethod(ConfigInvoker.java:400)
at org.testng.internal.invokers.ConfigInvoker.invokeConfigurations(ConfigInvoker.java:333)
at org.testng.internal.invokers.TestInvoker.runConfigMethods(TestInvoker.java:836)
at org.testng.internal.invokers.TestInvoker.invokeMethod(TestInvoker.java:601)
at org.testng.internal.invokers.TestInvoker.invokeTestMethod(TestInvoker.java:230)
at org.testng.internal.invokers.MethodRunner.runInSequence(MethodRunner.java:63)
at org.testng.internal.invokers.TestInvoker$MethodInvocationAgent.invoke(TestInvoker.java:995)
at org.testng.internal.invokers.TestInvoker.invokeTestMethods(TestInvoker.java:203)
at org.testng.internal.invokers.TestMethodWorker.invokeTestMethods(TestMethodWorker.java:154)
at org.testng.internal.invokers.TestMethodWorker.run(TestMethodWorker.java:134)
at java.base/java.util.ArrayList.forEach(ArrayList.java:1596)
at org.testng.TestRunner.privateRun(TestRunner.java:741)
at org.testng.TestRunner.run(TestRunner.java:616)
at org.testng.SuiteRunner.runTest(SuiteRunner.java:421)
at org.testng.SuiteRunner.runSequentially(SuiteRunner.java:413)
at org.testng.SuiteRunner.privateRun(SuiteRunner.java:373)
at org.testng.SuiteRunner.run(SuiteRunner.java:312)
at org.testng.SuiteRunnerWorker.runSuite(SuiteRunnerWorker.java:52)
at org.testng.SuiteRunnerWorker.run(SuiteRunnerWorker.java:95)
at org.testng.TestNG.runSuitesSequentially(TestNG.java:1274)
at org.testng.TestNG.runSuitesLocally(TestNG.java:1208)
at org.testng.TestNG.runSuites(TestNG.java:1112)
at org.testng.TestNG.run(TestNG.java:1079)
at org.testng.remote.AbstractRemoteTestNG.run(AbstractRemoteTestNG.java:115)
at org.testng.remote.RemoteTestNG.initAndRun(RemoteTestNG.java:293)
at org.testng.remote.RemoteTestNG.main(RemoteTestNG.java:91)
]]>
    </error>
  </testcase> <!-- beforeMethod -->
  <testcase classname="testClasses.VerifyProductListPage" name="verifyNavigateToProductListPage" time="0.221"/>
  <testcase classname="testClasses.VerifyProductListPage" name="verifySerchedTextInProductListPage" time="0.001">
    <skipped/>
  </testcase> <!-- verifySerchedTextInProductListPage -->
  <testcase classname="testClasses.VerifyProductListPage" name="verifyRelevanceSortByOptionSelected" time="0.001">
    <skipped/>
  </testcase> <!-- verifyRelevanceSortByOptionSelected -->
  <testcase classname="testClasses.VerifyProductListPage" name="verifyCountOfProducts" time="0.000">
    <skipped/>
  </testcase> <!-- verifyCountOfProducts -->
  <testcase classname="testClasses.VerifyProductListPage" name="verifyPresenceOfSortBy" time="0.000">
    <skipped/>
  </testcase> <!-- verifyPresenceOfSortBy -->
  <testcase classname="testClasses.VerifyProductListPage" name="verifyProductTitleChangeColour" time="0.000">
    <skipped/>
  </testcase> <!-- verifyProductTitleChangeColour -->
  <testcase classname="testClasses.VerifyProductListPage" name="verifyProductImages" time="0.000">
    <skipped/>
  </testcase> <!-- verifyProductImages -->
  <testcase classname="testClasses.VerifyProductListPage" name="verifyProductTitle" time="0.000">
    <skipped/>
  </testcase> <!-- verifyProductTitle -->
  <testcase classname="testClasses.VerifyProductListPage" name="verifyProductPrice" time="0.000">
    <skipped/>
  </testcase> <!-- verifyProductPrice -->
  <testcase classname="testClasses.VerifyProductListPage" name="verifyProductAddToCompare" time="0.001">
    <skipped/>
  </testcase> <!-- verifyProductAddToCompare -->
  <testcase classname="testClasses.VerifyProductListPage" name="verifyComparePopup" time="0.000">
    <skipped/>
  </testcase> <!-- verifyComparePopup -->
  <testcase classname="testClasses.VerifyProductListPage" name="verifyTooltipOfComapareProducts" time="0.000">
    <skipped/>
  </testcase> <!-- verifyTooltipOfComapareProducts -->
  <testcase classname="testClasses.VerifyProductListPage" name="verifyAddToCompareMaximumProducts" time="0.000">
    <skipped/>
  </testcase> <!-- verifyAddToCompareMaximumProducts -->
  <testcase classname="testClasses.VerifyProductListPage" name="verifyCompareTooltipRemoveAllButton" time="0.000">
    <skipped/>
  </testcase> <!-- verifyCompareTooltipRemoveAllButton -->
  <testcase classname="testClasses.VerifyProductListPage" name="veriryFilterSection" time="0.000">
    <skipped/>
  </testcase> <!-- veriryFilterSection -->
  <testcase classname="testClasses.VerifyProductListPage" name="veriryFilter" time="0.000">
    <skipped/>
  </testcase> <!-- veriryFilter -->
</testsuite> <!-- testClasses.VerifyProductListPage -->
